{"C:\\Users\\Jessica\\Desktop\\Bootcamp\\gobarber\\mobile\\src\\components\\Button\\index.tsx": {"path":"C:\\Users\\Jessica\\Desktop\\Bootcamp\\gobarber\\mobile\\src\\components\\Button\\index.tsx","statementMap":{"0":{"start":{"line":10,"column":38},"end":{"line":16,"column":1}},"1":{"start":{"line":11,"column":2},"end":{"line":15,"column":4}}},"fnMap":{"0":{"name":"(anonymous_0)","decl":{"start":{"line":10,"column":38},"end":{"line":10,"column":39}},"loc":{"start":{"line":10,"column":65},"end":{"line":16,"column":1}},"line":10}},"branchMap":{},"s":{"0":1,"1":1},"f":{"0":1},"b":{},"_coverageSchema":"1a1c01bbd47fc00a2c39e90264f33305004495a9","hash":"b0317ff21a77cffba94122de75e143a6ce918c7f"}
,"C:\\Users\\Jessica\\Desktop\\Bootcamp\\gobarber\\mobile\\src\\components\\Input\\index.tsx": {"path":"C:\\Users\\Jessica\\Desktop\\Bootcamp\\gobarber\\mobile\\src\\components\\Input\\index.tsx","statementMap":{"0":{"start":{"line":28,"column":66},"end":{"line":94,"column":1}},"1":{"start":{"line":32,"column":26},"end":{"line":32,"column":43}},"2":{"start":{"line":34,"column":65},"end":{"line":34,"column":79}},"3":{"start":{"line":35,"column":24},"end":{"line":35,"column":76}},"4":{"start":{"line":37,"column":36},"end":{"line":37,"column":51}},"5":{"start":{"line":38,"column":34},"end":{"line":38,"column":49}},"6":{"start":{"line":40,"column":27},"end":{"line":42,"column":8}},"7":{"start":{"line":41,"column":4},"end":{"line":41,"column":23}},"8":{"start":{"line":44,"column":26},"end":{"line":48,"column":8}},"9":{"start":{"line":45,"column":4},"end":{"line":45,"column":24}},"10":{"start":{"line":47,"column":4},"end":{"line":47,"column":47}},"11":{"start":{"line":50,"column":2},"end":{"line":54,"column":6}},"12":{"start":{"line":50,"column":34},"end":{"line":54,"column":3}},"13":{"start":{"line":52,"column":6},"end":{"line":52,"column":38}},"14":{"start":{"line":56,"column":2},"end":{"line":70,"column":33}},"15":{"start":{"line":57,"column":4},"end":{"line":69,"column":7}},"16":{"start":{"line":62,"column":8},"end":{"line":62,"column":44}},"17":{"start":{"line":63,"column":8},"end":{"line":63,"column":64}},"18":{"start":{"line":66,"column":8},"end":{"line":66,"column":41}},"19":{"start":{"line":67,"column":8},"end":{"line":67,"column":40}},"20":{"start":{"line":72,"column":2},"end":{"line":93,"column":4}},"21":{"start":{"line":88,"column":10},"end":{"line":88,"column":46}}},"fnMap":{"0":{"name":"(anonymous_0)","decl":{"start":{"line":28,"column":66},"end":{"line":28,"column":67}},"loc":{"start":{"line":31,"column":5},"end":{"line":94,"column":1}},"line":31},"1":{"name":"(anonymous_1)","decl":{"start":{"line":40,"column":39},"end":{"line":40,"column":40}},"loc":{"start":{"line":40,"column":45},"end":{"line":42,"column":3}},"line":40},"2":{"name":"(anonymous_2)","decl":{"start":{"line":44,"column":38},"end":{"line":44,"column":39}},"loc":{"start":{"line":44,"column":44},"end":{"line":48,"column":3}},"line":44},"3":{"name":"(anonymous_3)","decl":{"start":{"line":50,"column":27},"end":{"line":50,"column":28}},"loc":{"start":{"line":50,"column":34},"end":{"line":54,"column":3}},"line":50},"4":{"name":"(anonymous_4)","decl":{"start":{"line":51,"column":4},"end":{"line":51,"column":5}},"loc":{"start":{"line":51,"column":12},"end":{"line":53,"column":5}},"line":51},"5":{"name":"(anonymous_5)","decl":{"start":{"line":56,"column":12},"end":{"line":56,"column":13}},"loc":{"start":{"line":56,"column":18},"end":{"line":70,"column":3}},"line":56},"6":{"name":"(anonymous_6)","decl":{"start":{"line":61,"column":6},"end":{"line":61,"column":7}},"loc":{"start":{"line":61,"column":32},"end":{"line":64,"column":7}},"line":61},"7":{"name":"(anonymous_7)","decl":{"start":{"line":65,"column":6},"end":{"line":65,"column":7}},"loc":{"start":{"line":65,"column":27},"end":{"line":68,"column":7}},"line":65},"8":{"name":"(anonymous_8)","decl":{"start":{"line":87,"column":22},"end":{"line":87,"column":23}},"loc":{"start":{"line":87,"column":31},"end":{"line":89,"column":9}},"line":87}},"branchMap":{"0":{"loc":{"start":{"line":29,"column":16},"end":{"line":29,"column":35}},"type":"default-arg","locations":[{"start":{"line":29,"column":33},"end":{"line":29,"column":35}}],"line":29},"1":{"loc":{"start":{"line":34,"column":25},"end":{"line":34,"column":42}},"type":"default-arg","locations":[{"start":{"line":34,"column":40},"end":{"line":34,"column":42}}],"line":34},"2":{"loc":{"start":{"line":77,"column":15},"end":{"line":77,"column":60}},"type":"cond-expr","locations":[{"start":{"line":77,"column":39},"end":{"line":77,"column":48}},{"start":{"line":77,"column":51},"end":{"line":77,"column":60}}],"line":77},"3":{"loc":{"start":{"line":77,"column":15},"end":{"line":77,"column":36}},"type":"binary-expr","locations":[{"start":{"line":77,"column":15},"end":{"line":77,"column":24}},{"start":{"line":77,"column":28},"end":{"line":77,"column":36}}],"line":77}},"s":{"0":1,"1":2,"2":2,"3":2,"4":2,"5":2,"6":2,"7":0,"8":2,"9":0,"10":0,"11":2,"12":1,"13":0,"14":2,"15":2,"16":0,"17":0,"18":0,"19":0,"20":2,"21":0},"f":{"0":2,"1":0,"2":0,"3":1,"4":0,"5":2,"6":0,"7":0,"8":0},"b":{"0":[2],"1":[2],"2":[0,2],"3":[2,2]},"_coverageSchema":"1a1c01bbd47fc00a2c39e90264f33305004495a9","hash":"0f98c7f4126ab5c24b35d823c1a9c8eed6f1e530"}
,"C:\\Users\\Jessica\\Desktop\\Bootcamp\\gobarber\\mobile\\src\\hooks\\auth.tsx": {"path":"C:\\Users\\Jessica\\Desktop\\Bootcamp\\gobarber\\mobile\\src\\hooks\\auth.tsx","statementMap":{"0":{"start":{"line":36,"column":20},"end":{"line":36,"column":73}},"1":{"start":{"line":38,"column":31},"end":{"line":104,"column":1}},"2":{"start":{"line":39,"column":26},"end":{"line":39,"column":62}},"3":{"start":{"line":40,"column":32},"end":{"line":40,"column":46}},"4":{"start":{"line":42,"column":2},"end":{"line":59,"column":9}},"5":{"start":{"line":44,"column":28},"end":{"line":47,"column":8}},"6":{"start":{"line":49,"column":6},"end":{"line":53,"column":7}},"7":{"start":{"line":50,"column":8},"end":{"line":50,"column":66}},"8":{"start":{"line":52,"column":8},"end":{"line":52,"column":64}},"9":{"start":{"line":55,"column":6},"end":{"line":55,"column":24}},"10":{"start":{"line":58,"column":4},"end":{"line":58,"column":22}},"11":{"start":{"line":61,"column":17},"end":{"line":77,"column":8}},"12":{"start":{"line":62,"column":21},"end":{"line":65,"column":6}},"13":{"start":{"line":67,"column":28},"end":{"line":67,"column":41}},"14":{"start":{"line":69,"column":4},"end":{"line":72,"column":7}},"15":{"start":{"line":74,"column":4},"end":{"line":74,"column":62}},"16":{"start":{"line":76,"column":4},"end":{"line":76,"column":29}},"17":{"start":{"line":79,"column":18},"end":{"line":83,"column":8}},"18":{"start":{"line":80,"column":4},"end":{"line":80,"column":74}},"19":{"start":{"line":82,"column":4},"end":{"line":82,"column":29}},"20":{"start":{"line":85,"column":21},"end":{"line":95,"column":3}},"21":{"start":{"line":87,"column":6},"end":{"line":87,"column":73}},"22":{"start":{"line":89,"column":6},"end":{"line":92,"column":9}},"23":{"start":{"line":97,"column":2},"end":{"line":103,"column":4}},"24":{"start":{"line":107,"column":18},"end":{"line":107,"column":41}},"25":{"start":{"line":109,"column":2},"end":{"line":111,"column":3}},"26":{"start":{"line":110,"column":4},"end":{"line":110,"column":67}},"27":{"start":{"line":113,"column":2},"end":{"line":113,"column":17}}},"fnMap":{"0":{"name":"(anonymous_0)","decl":{"start":{"line":38,"column":31},"end":{"line":38,"column":32}},"loc":{"start":{"line":38,"column":49},"end":{"line":104,"column":1}},"line":38},"1":{"name":"(anonymous_1)","decl":{"start":{"line":42,"column":12},"end":{"line":42,"column":13}},"loc":{"start":{"line":42,"column":18},"end":{"line":59,"column":3}},"line":42},"2":{"name":"loadStorageData","decl":{"start":{"line":43,"column":19},"end":{"line":43,"column":34}},"loc":{"start":{"line":43,"column":52},"end":{"line":56,"column":5}},"line":43},"3":{"name":"(anonymous_3)","decl":{"start":{"line":61,"column":29},"end":{"line":61,"column":30}},"loc":{"start":{"line":61,"column":60},"end":{"line":77,"column":3}},"line":61},"4":{"name":"(anonymous_4)","decl":{"start":{"line":79,"column":30},"end":{"line":79,"column":31}},"loc":{"start":{"line":79,"column":42},"end":{"line":83,"column":3}},"line":79},"5":{"name":"(anonymous_5)","decl":{"start":{"line":86,"column":4},"end":{"line":86,"column":5}},"loc":{"start":{"line":86,"column":26},"end":{"line":93,"column":5}},"line":86},"6":{"name":"useAuth","decl":{"start":{"line":106,"column":9},"end":{"line":106,"column":16}},"loc":{"start":{"line":106,"column":36},"end":{"line":114,"column":1}},"line":106}},"branchMap":{"0":{"loc":{"start":{"line":49,"column":6},"end":{"line":53,"column":7}},"type":"if","locations":[{"start":{"line":49,"column":6},"end":{"line":53,"column":7}},{"start":{"line":49,"column":6},"end":{"line":53,"column":7}}],"line":49},"1":{"loc":{"start":{"line":49,"column":10},"end":{"line":49,"column":29}},"type":"binary-expr","locations":[{"start":{"line":49,"column":10},"end":{"line":49,"column":18}},{"start":{"line":49,"column":22},"end":{"line":49,"column":29}}],"line":49},"2":{"loc":{"start":{"line":109,"column":2},"end":{"line":111,"column":3}},"type":"if","locations":[{"start":{"line":109,"column":2},"end":{"line":111,"column":3}},{"start":{"line":109,"column":2},"end":{"line":111,"column":3}}],"line":109}},"s":{"0":1,"1":1,"2":0,"3":0,"4":0,"5":0,"6":0,"7":0,"8":0,"9":0,"10":0,"11":0,"12":0,"13":0,"14":0,"15":0,"16":0,"17":0,"18":0,"19":0,"20":0,"21":0,"22":0,"23":0,"24":1,"25":1,"26":0,"27":1},"f":{"0":0,"1":0,"2":0,"3":0,"4":0,"5":0,"6":1},"b":{"0":[0,0],"1":[0,0],"2":[0,1]},"_coverageSchema":"1a1c01bbd47fc00a2c39e90264f33305004495a9","hash":"64b7839520a12552f0ed363845c3c640c5377699"}
,"C:\\Users\\Jessica\\Desktop\\Bootcamp\\gobarber\\mobile\\src\\pages\\AppointmentCreated\\index.tsx": {"path":"C:\\Users\\Jessica\\Desktop\\Bootcamp\\gobarber\\mobile\\src\\pages\\AppointmentCreated\\index.tsx","statementMap":{"0":{"start":{"line":20,"column":37},"end":{"line":52,"column":1}},"1":{"start":{"line":21,"column":16},"end":{"line":21,"column":26}},"2":{"start":{"line":22,"column":21},"end":{"line":22,"column":36}},"3":{"start":{"line":23,"column":17},"end":{"line":23,"column":44}},"4":{"start":{"line":25,"column":24},"end":{"line":31,"column":19}},"5":{"start":{"line":26,"column":4},"end":{"line":30,"column":6}},"6":{"start":{"line":33,"column":19},"end":{"line":38,"column":8}},"7":{"start":{"line":34,"column":4},"end":{"line":37,"column":7}},"8":{"start":{"line":40,"column":2},"end":{"line":51,"column":4}}},"fnMap":{"0":{"name":"(anonymous_0)","decl":{"start":{"line":20,"column":37},"end":{"line":20,"column":38}},"loc":{"start":{"line":20,"column":43},"end":{"line":52,"column":1}},"line":20},"1":{"name":"(anonymous_1)","decl":{"start":{"line":25,"column":32},"end":{"line":25,"column":33}},"loc":{"start":{"line":25,"column":38},"end":{"line":31,"column":3}},"line":25},"2":{"name":"(anonymous_2)","decl":{"start":{"line":33,"column":31},"end":{"line":33,"column":32}},"loc":{"start":{"line":33,"column":37},"end":{"line":38,"column":3}},"line":33}},"branchMap":{},"s":{"0":0,"1":0,"2":0,"3":0,"4":0,"5":0,"6":0,"7":0,"8":0},"f":{"0":0,"1":0,"2":0},"b":{}}
,"C:\\Users\\Jessica\\Desktop\\Bootcamp\\gobarber\\mobile\\src\\pages\\CreateAppointment\\index.tsx": {"path":"C:\\Users\\Jessica\\Desktop\\Bootcamp\\gobarber\\mobile\\src\\pages\\CreateAppointment\\index.tsx","statementMap":{"0":{"start":{"line":54,"column":36},"end":{"line":282,"column":1}},"1":{"start":{"line":55,"column":19},"end":{"line":55,"column":28}},"2":{"start":{"line":56,"column":16},"end":{"line":56,"column":26}},"3":{"start":{"line":57,"column":31},"end":{"line":57,"column":46}},"4":{"start":{"line":59,"column":22},"end":{"line":59,"column":49}},"5":{"start":{"line":61,"column":50},"end":{"line":63,"column":3}},"6":{"start":{"line":65,"column":22},"end":{"line":73,"column":8}},"7":{"start":{"line":66,"column":18},"end":{"line":66,"column":28}},"8":{"start":{"line":68,"column":4},"end":{"line":70,"column":5}},"9":{"start":{"line":69,"column":6},"end":{"line":69,"column":58}},"10":{"start":{"line":72,"column":4},"end":{"line":72,"column":17}},"11":{"start":{"line":75,"column":42},"end":{"line":75,"column":63}},"12":{"start":{"line":76,"column":42},"end":{"line":76,"column":53}},"13":{"start":{"line":78,"column":36},"end":{"line":78,"column":60}},"14":{"start":{"line":79,"column":42},"end":{"line":79,"column":74}},"15":{"start":{"line":80,"column":46},"end":{"line":80,"column":61}},"16":{"start":{"line":82,"column":23},"end":{"line":84,"column":14}},"17":{"start":{"line":83,"column":4},"end":{"line":83,"column":13}},"18":{"start":{"line":86,"column":31},"end":{"line":88,"column":8}},"19":{"start":{"line":87,"column":4},"end":{"line":87,"column":36}},"20":{"start":{"line":90,"column":33},"end":{"line":92,"column":8}},"21":{"start":{"line":91,"column":4},"end":{"line":91,"column":39}},"22":{"start":{"line":91,"column":31},"end":{"line":91,"column":37}},"23":{"start":{"line":94,"column":28},"end":{"line":105,"column":3}},"24":{"start":{"line":96,"column":6},"end":{"line":98,"column":7}},"25":{"start":{"line":97,"column":8},"end":{"line":97,"column":33}},"26":{"start":{"line":100,"column":6},"end":{"line":102,"column":7}},"27":{"start":{"line":101,"column":8},"end":{"line":101,"column":30}},"28":{"start":{"line":107,"column":27},"end":{"line":109,"column":8}},"29":{"start":{"line":108,"column":4},"end":{"line":108,"column":26}},"30":{"start":{"line":111,"column":34},"end":{"line":130,"column":62}},"31":{"start":{"line":112,"column":4},"end":{"line":129,"column":5}},"32":{"start":{"line":113,"column":19},"end":{"line":113,"column":41}},"33":{"start":{"line":115,"column":6},"end":{"line":115,"column":34}},"34":{"start":{"line":116,"column":6},"end":{"line":116,"column":25}},"35":{"start":{"line":118,"column":6},"end":{"line":121,"column":9}},"36":{"start":{"line":123,"column":6},"end":{"line":123,"column":63}},"37":{"start":{"line":125,"column":6},"end":{"line":128,"column":8}},"38":{"start":{"line":132,"column":30},"end":{"line":142,"column":20}},"39":{"start":{"line":133,"column":4},"end":{"line":141,"column":9}},"40":{"start":{"line":134,"column":28},"end":{"line":134,"column":37}},"41":{"start":{"line":136,"column":8},"end":{"line":140,"column":10}},"42":{"start":{"line":144,"column":32},"end":{"line":154,"column":20}},"43":{"start":{"line":145,"column":4},"end":{"line":153,"column":9}},"44":{"start":{"line":146,"column":28},"end":{"line":146,"column":38}},"45":{"start":{"line":148,"column":8},"end":{"line":152,"column":10}},"46":{"start":{"line":156,"column":2},"end":{"line":160,"column":9}},"47":{"start":{"line":157,"column":4},"end":{"line":159,"column":7}},"48":{"start":{"line":158,"column":6},"end":{"line":158,"column":34}},"49":{"start":{"line":162,"column":2},"end":{"line":175,"column":39}},"50":{"start":{"line":163,"column":4},"end":{"line":174,"column":9}},"51":{"start":{"line":172,"column":8},"end":{"line":172,"column":39}},"52":{"start":{"line":173,"column":8},"end":{"line":173,"column":27}},"53":{"start":{"line":177,"column":2},"end":{"line":281,"column":4}},"54":{"start":{"line":180,"column":35},"end":{"line":180,"column":49}},"55":{"start":{"line":195,"column":38},"end":{"line":195,"column":49}},"56":{"start":{"line":197,"column":14},"end":{"line":205,"column":34}},"57":{"start":{"line":198,"column":31},"end":{"line":198,"column":64}},"58":{"start":{"line":238,"column":16},"end":{"line":248,"column":23}},"59":{"start":{"line":243,"column":33},"end":{"line":243,"column":55}},"60":{"start":{"line":259,"column":18},"end":{"line":269,"column":25}},"61":{"start":{"line":264,"column":35},"end":{"line":264,"column":57}}},"fnMap":{"0":{"name":"(anonymous_0)","decl":{"start":{"line":54,"column":36},"end":{"line":54,"column":37}},"loc":{"start":{"line":54,"column":42},"end":{"line":282,"column":1}},"line":54},"1":{"name":"(anonymous_1)","decl":{"start":{"line":65,"column":30},"end":{"line":65,"column":31}},"loc":{"start":{"line":65,"column":36},"end":{"line":73,"column":3}},"line":65},"2":{"name":"(anonymous_2)","decl":{"start":{"line":82,"column":35},"end":{"line":82,"column":36}},"loc":{"start":{"line":82,"column":41},"end":{"line":84,"column":3}},"line":82},"3":{"name":"(anonymous_3)","decl":{"start":{"line":86,"column":43},"end":{"line":86,"column":44}},"loc":{"start":{"line":86,"column":67},"end":{"line":88,"column":3}},"line":86},"4":{"name":"(anonymous_4)","decl":{"start":{"line":90,"column":45},"end":{"line":90,"column":46}},"loc":{"start":{"line":90,"column":51},"end":{"line":92,"column":3}},"line":90},"5":{"name":"(anonymous_5)","decl":{"start":{"line":91,"column":22},"end":{"line":91,"column":23}},"loc":{"start":{"line":91,"column":31},"end":{"line":91,"column":37}},"line":91},"6":{"name":"(anonymous_6)","decl":{"start":{"line":95,"column":4},"end":{"line":95,"column":5}},"loc":{"start":{"line":95,"column":44},"end":{"line":103,"column":5}},"line":95},"7":{"name":"(anonymous_7)","decl":{"start":{"line":107,"column":39},"end":{"line":107,"column":40}},"loc":{"start":{"line":107,"column":57},"end":{"line":109,"column":3}},"line":107},"8":{"name":"(anonymous_8)","decl":{"start":{"line":111,"column":46},"end":{"line":111,"column":47}},"loc":{"start":{"line":111,"column":58},"end":{"line":130,"column":3}},"line":111},"9":{"name":"(anonymous_9)","decl":{"start":{"line":132,"column":38},"end":{"line":132,"column":39}},"loc":{"start":{"line":132,"column":44},"end":{"line":142,"column":3}},"line":132},"10":{"name":"(anonymous_10)","decl":{"start":{"line":134,"column":14},"end":{"line":134,"column":15}},"loc":{"start":{"line":134,"column":28},"end":{"line":134,"column":37}},"line":134},"11":{"name":"(anonymous_11)","decl":{"start":{"line":135,"column":11},"end":{"line":135,"column":12}},"loc":{"start":{"line":135,"column":36},"end":{"line":141,"column":7}},"line":135},"12":{"name":"(anonymous_12)","decl":{"start":{"line":144,"column":40},"end":{"line":144,"column":41}},"loc":{"start":{"line":144,"column":46},"end":{"line":154,"column":3}},"line":144},"13":{"name":"(anonymous_13)","decl":{"start":{"line":146,"column":14},"end":{"line":146,"column":15}},"loc":{"start":{"line":146,"column":28},"end":{"line":146,"column":38}},"line":146},"14":{"name":"(anonymous_14)","decl":{"start":{"line":147,"column":11},"end":{"line":147,"column":12}},"loc":{"start":{"line":147,"column":36},"end":{"line":153,"column":7}},"line":147},"15":{"name":"(anonymous_15)","decl":{"start":{"line":156,"column":12},"end":{"line":156,"column":13}},"loc":{"start":{"line":156,"column":18},"end":{"line":160,"column":3}},"line":156},"16":{"name":"(anonymous_16)","decl":{"start":{"line":157,"column":31},"end":{"line":157,"column":32}},"loc":{"start":{"line":157,"column":43},"end":{"line":159,"column":5}},"line":157},"17":{"name":"(anonymous_17)","decl":{"start":{"line":162,"column":12},"end":{"line":162,"column":13}},"loc":{"start":{"line":162,"column":18},"end":{"line":175,"column":3}},"line":162},"18":{"name":"(anonymous_18)","decl":{"start":{"line":171,"column":12},"end":{"line":171,"column":13}},"loc":{"start":{"line":171,"column":24},"end":{"line":174,"column":7}},"line":171},"19":{"name":"(anonymous_19)","decl":{"start":{"line":180,"column":29},"end":{"line":180,"column":30}},"loc":{"start":{"line":180,"column":35},"end":{"line":180,"column":49}},"line":180},"20":{"name":"(anonymous_20)","decl":{"start":{"line":195,"column":26},"end":{"line":195,"column":27}},"loc":{"start":{"line":195,"column":38},"end":{"line":195,"column":49}},"line":195},"21":{"name":"(anonymous_21)","decl":{"start":{"line":196,"column":24},"end":{"line":196,"column":25}},"loc":{"start":{"line":197,"column":14},"end":{"line":205,"column":34}},"line":197},"22":{"name":"(anonymous_22)","decl":{"start":{"line":198,"column":25},"end":{"line":198,"column":26}},"loc":{"start":{"line":198,"column":31},"end":{"line":198,"column":64}},"line":198},"23":{"name":"(anonymous_23)","decl":{"start":{"line":237,"column":39},"end":{"line":237,"column":40}},"loc":{"start":{"line":238,"column":16},"end":{"line":248,"column":23}},"line":238},"24":{"name":"(anonymous_24)","decl":{"start":{"line":243,"column":27},"end":{"line":243,"column":28}},"loc":{"start":{"line":243,"column":33},"end":{"line":243,"column":55}},"line":243},"25":{"name":"(anonymous_25)","decl":{"start":{"line":258,"column":16},"end":{"line":258,"column":17}},"loc":{"start":{"line":259,"column":18},"end":{"line":269,"column":25}},"line":259},"26":{"name":"(anonymous_26)","decl":{"start":{"line":264,"column":29},"end":{"line":264,"column":30}},"loc":{"start":{"line":264,"column":35},"end":{"line":264,"column":57}},"line":264}},"branchMap":{"0":{"loc":{"start":{"line":68,"column":4},"end":{"line":70,"column":5}},"type":"if","locations":[{"start":{"line":68,"column":4},"end":{"line":70,"column":5}},{"start":{"line":68,"column":4},"end":{"line":70,"column":5}}],"line":68},"1":{"loc":{"start":{"line":96,"column":6},"end":{"line":98,"column":7}},"type":"if","locations":[{"start":{"line":96,"column":6},"end":{"line":98,"column":7}},{"start":{"line":96,"column":6},"end":{"line":98,"column":7}}],"line":96},"2":{"loc":{"start":{"line":100,"column":6},"end":{"line":102,"column":7}},"type":"if","locations":[{"start":{"line":100,"column":6},"end":{"line":102,"column":7}},{"start":{"line":100,"column":6},"end":{"line":102,"column":7}}],"line":100},"3":{"loc":{"start":{"line":219,"column":11},"end":{"line":227,"column":11}},"type":"binary-expr","locations":[{"start":{"line":219,"column":11},"end":{"line":219,"column":25}},{"start":{"line":220,"column":12},"end":{"line":226,"column":14}}],"line":219}},"s":{"0":0,"1":0,"2":0,"3":0,"4":0,"5":0,"6":0,"7":0,"8":0,"9":0,"10":0,"11":0,"12":0,"13":0,"14":0,"15":0,"16":0,"17":0,"18":0,"19":0,"20":0,"21":0,"22":0,"23":0,"24":0,"25":0,"26":0,"27":0,"28":0,"29":0,"30":0,"31":0,"32":0,"33":0,"34":0,"35":0,"36":0,"37":0,"38":0,"39":0,"40":0,"41":0,"42":0,"43":0,"44":0,"45":0,"46":0,"47":0,"48":0,"49":0,"50":0,"51":0,"52":0,"53":0,"54":0,"55":0,"56":0,"57":0,"58":0,"59":0,"60":0,"61":0},"f":{"0":0,"1":0,"2":0,"3":0,"4":0,"5":0,"6":0,"7":0,"8":0,"9":0,"10":0,"11":0,"12":0,"13":0,"14":0,"15":0,"16":0,"17":0,"18":0,"19":0,"20":0,"21":0,"22":0,"23":0,"24":0,"25":0,"26":0},"b":{"0":[0,0],"1":[0,0],"2":[0,0],"3":[0,0]}}
,"C:\\Users\\Jessica\\Desktop\\Bootcamp\\gobarber\\mobile\\src\\pages\\Dashboard\\index.tsx": {"path":"C:\\Users\\Jessica\\Desktop\\Bootcamp\\gobarber\\mobile\\src\\pages\\Dashboard\\index.tsx","statementMap":{"0":{"start":{"line":32,"column":28},"end":{"line":98,"column":1}},"1":{"start":{"line":33,"column":36},"end":{"line":33,"column":60}},"2":{"start":{"line":35,"column":19},"end":{"line":35,"column":28}},"3":{"start":{"line":36,"column":23},"end":{"line":36,"column":38}},"4":{"start":{"line":38,"column":2},"end":{"line":42,"column":9}},"5":{"start":{"line":39,"column":4},"end":{"line":41,"column":7}},"6":{"start":{"line":40,"column":6},"end":{"line":40,"column":34}},"7":{"start":{"line":44,"column":28},"end":{"line":46,"column":16}},"8":{"start":{"line":45,"column":4},"end":{"line":45,"column":24}},"9":{"start":{"line":48,"column":38},"end":{"line":53,"column":3}},"10":{"start":{"line":50,"column":6},"end":{"line":50,"column":52}},"11":{"start":{"line":55,"column":2},"end":{"line":97,"column":4}},"12":{"start":{"line":70,"column":34},"end":{"line":70,"column":45}},"13":{"start":{"line":75,"column":10},"end":{"line":93,"column":30}},"14":{"start":{"line":76,"column":27},"end":{"line":76,"column":67}}},"fnMap":{"0":{"name":"(anonymous_0)","decl":{"start":{"line":32,"column":28},"end":{"line":32,"column":29}},"loc":{"start":{"line":32,"column":34},"end":{"line":98,"column":1}},"line":32},"1":{"name":"(anonymous_1)","decl":{"start":{"line":38,"column":12},"end":{"line":38,"column":13}},"loc":{"start":{"line":38,"column":18},"end":{"line":42,"column":3}},"line":38},"2":{"name":"(anonymous_2)","decl":{"start":{"line":39,"column":31},"end":{"line":39,"column":32}},"loc":{"start":{"line":39,"column":43},"end":{"line":41,"column":5}},"line":39},"3":{"name":"(anonymous_3)","decl":{"start":{"line":44,"column":40},"end":{"line":44,"column":41}},"loc":{"start":{"line":44,"column":46},"end":{"line":46,"column":3}},"line":44},"4":{"name":"(anonymous_4)","decl":{"start":{"line":49,"column":4},"end":{"line":49,"column":5}},"loc":{"start":{"line":49,"column":28},"end":{"line":51,"column":5}},"line":49},"5":{"name":"(anonymous_5)","decl":{"start":{"line":70,"column":22},"end":{"line":70,"column":23}},"loc":{"start":{"line":70,"column":34},"end":{"line":70,"column":45}},"line":70},"6":{"name":"(anonymous_6)","decl":{"start":{"line":74,"column":20},"end":{"line":74,"column":21}},"loc":{"start":{"line":75,"column":10},"end":{"line":93,"column":30}},"line":75},"7":{"name":"(anonymous_7)","decl":{"start":{"line":76,"column":21},"end":{"line":76,"column":22}},"loc":{"start":{"line":76,"column":27},"end":{"line":76,"column":67}},"line":76}},"branchMap":{},"s":{"0":0,"1":0,"2":0,"3":0,"4":0,"5":0,"6":0,"7":0,"8":0,"9":0,"10":0,"11":0,"12":0,"13":0,"14":0},"f":{"0":0,"1":0,"2":0,"3":0,"4":0,"5":0,"6":0,"7":0},"b":{}}
,"C:\\Users\\Jessica\\Desktop\\Bootcamp\\gobarber\\mobile\\src\\pages\\Profile\\index.tsx": {"path":"C:\\Users\\Jessica\\Desktop\\Bootcamp\\gobarber\\mobile\\src\\pages\\Profile\\index.tsx","statementMap":{"0":{"start":{"line":43,"column":26},"end":{"line":267,"column":1}},"1":{"start":{"line":44,"column":31},"end":{"line":44,"column":40}},"2":{"start":{"line":46,"column":21},"end":{"line":46,"column":36}},"3":{"start":{"line":48,"column":18},"end":{"line":48,"column":43}},"4":{"start":{"line":50,"column":24},"end":{"line":50,"column":47}},"5":{"start":{"line":51,"column":30},"end":{"line":51,"column":53}},"6":{"start":{"line":52,"column":27},"end":{"line":52,"column":50}},"7":{"start":{"line":53,"column":34},"end":{"line":53,"column":57}},"8":{"start":{"line":55,"column":30},"end":{"line":127,"column":3}},"9":{"start":{"line":57,"column":6},"end":{"line":124,"column":7}},"10":{"start":{"line":58,"column":8},"end":{"line":58,"column":39}},"11":{"start":{"line":60,"column":23},"end":{"line":78,"column":10}},"12":{"start":{"line":67,"column":23},"end":{"line":67,"column":35}},"13":{"start":{"line":73,"column":25},"end":{"line":73,"column":37}},"14":{"start":{"line":80,"column":8},"end":{"line":82,"column":11}},"15":{"start":{"line":90,"column":12},"end":{"line":90,"column":16}},"16":{"start":{"line":92,"column":25},"end":{"line":102,"column":9}},"17":{"start":{"line":104,"column":25},"end":{"line":104,"column":60}},"18":{"start":{"line":106,"column":8},"end":{"line":106,"column":34}},"19":{"start":{"line":108,"column":8},"end":{"line":108,"column":54}},"20":{"start":{"line":110,"column":8},"end":{"line":110,"column":28}},"21":{"start":{"line":112,"column":8},"end":{"line":118,"column":9}},"22":{"start":{"line":113,"column":25},"end":{"line":113,"column":49}},"23":{"start":{"line":115,"column":10},"end":{"line":115,"column":45}},"24":{"start":{"line":117,"column":10},"end":{"line":117,"column":17}},"25":{"start":{"line":120,"column":8},"end":{"line":123,"column":10}},"26":{"start":{"line":129,"column":29},"end":{"line":160,"column":27}},"27":{"start":{"line":130,"column":4},"end":{"line":159,"column":6}},"28":{"start":{"line":138,"column":8},"end":{"line":140,"column":9}},"29":{"start":{"line":139,"column":10},"end":{"line":139,"column":17}},"30":{"start":{"line":142,"column":8},"end":{"line":145,"column":9}},"31":{"start":{"line":143,"column":10},"end":{"line":143,"column":55}},"32":{"start":{"line":144,"column":10},"end":{"line":144,"column":17}},"33":{"start":{"line":147,"column":21},"end":{"line":147,"column":35}},"34":{"start":{"line":149,"column":8},"end":{"line":153,"column":11}},"35":{"start":{"line":155,"column":8},"end":{"line":157,"column":11}},"36":{"start":{"line":156,"column":10},"end":{"line":156,"column":39}},"37":{"start":{"line":162,"column":23},"end":{"line":164,"column":18}},"38":{"start":{"line":163,"column":4},"end":{"line":163,"column":24}},"39":{"start":{"line":166,"column":2},"end":{"line":266,"column":4}},"40":{"start":{"line":202,"column":18},"end":{"line":202,"column":49}},"41":{"start":{"line":216,"column":18},"end":{"line":216,"column":55}},"42":{"start":{"line":230,"column":18},"end":{"line":230,"column":52}},"43":{"start":{"line":243,"column":18},"end":{"line":243,"column":59}},"44":{"start":{"line":255,"column":39},"end":{"line":255,"column":68}},"45":{"start":{"line":258,"column":37},"end":{"line":258,"column":66}}},"fnMap":{"0":{"name":"(anonymous_0)","decl":{"start":{"line":43,"column":26},"end":{"line":43,"column":27}},"loc":{"start":{"line":43,"column":32},"end":{"line":267,"column":1}},"line":43},"1":{"name":"(anonymous_1)","decl":{"start":{"line":56,"column":4},"end":{"line":56,"column":5}},"loc":{"start":{"line":56,"column":37},"end":{"line":125,"column":5}},"line":56},"2":{"name":"(anonymous_2)","decl":{"start":{"line":67,"column":16},"end":{"line":67,"column":17}},"loc":{"start":{"line":67,"column":23},"end":{"line":67,"column":35}},"line":67},"3":{"name":"(anonymous_3)","decl":{"start":{"line":73,"column":18},"end":{"line":73,"column":19}},"loc":{"start":{"line":73,"column":25},"end":{"line":73,"column":37}},"line":73},"4":{"name":"(anonymous_4)","decl":{"start":{"line":129,"column":41},"end":{"line":129,"column":42}},"loc":{"start":{"line":129,"column":53},"end":{"line":160,"column":3}},"line":129},"5":{"name":"(anonymous_5)","decl":{"start":{"line":137,"column":6},"end":{"line":137,"column":7}},"loc":{"start":{"line":137,"column":18},"end":{"line":158,"column":7}},"line":137},"6":{"name":"(anonymous_6)","decl":{"start":{"line":155,"column":46},"end":{"line":155,"column":47}},"loc":{"start":{"line":155,"column":61},"end":{"line":157,"column":9}},"line":155},"7":{"name":"(anonymous_7)","decl":{"start":{"line":162,"column":35},"end":{"line":162,"column":36}},"loc":{"start":{"line":162,"column":41},"end":{"line":164,"column":3}},"line":162},"8":{"name":"(anonymous_8)","decl":{"start":{"line":201,"column":33},"end":{"line":201,"column":34}},"loc":{"start":{"line":201,"column":39},"end":{"line":203,"column":17}},"line":201},"9":{"name":"(anonymous_9)","decl":{"start":{"line":215,"column":33},"end":{"line":215,"column":34}},"loc":{"start":{"line":215,"column":39},"end":{"line":217,"column":17}},"line":215},"10":{"name":"(anonymous_10)","decl":{"start":{"line":229,"column":33},"end":{"line":229,"column":34}},"loc":{"start":{"line":229,"column":39},"end":{"line":231,"column":17}},"line":229},"11":{"name":"(anonymous_11)","decl":{"start":{"line":242,"column":33},"end":{"line":242,"column":34}},"loc":{"start":{"line":242,"column":39},"end":{"line":244,"column":17}},"line":242},"12":{"name":"(anonymous_12)","decl":{"start":{"line":255,"column":33},"end":{"line":255,"column":34}},"loc":{"start":{"line":255,"column":39},"end":{"line":255,"column":68}},"line":255},"13":{"name":"(anonymous_13)","decl":{"start":{"line":258,"column":31},"end":{"line":258,"column":32}},"loc":{"start":{"line":258,"column":37},"end":{"line":258,"column":66}},"line":258}},"branchMap":{"0":{"loc":{"start":{"line":95,"column":14},"end":{"line":101,"column":16}},"type":"cond-expr","locations":[{"start":{"line":96,"column":14},"end":{"line":100,"column":13}},{"start":{"line":101,"column":14},"end":{"line":101,"column":16}}],"line":95},"1":{"loc":{"start":{"line":112,"column":8},"end":{"line":118,"column":9}},"type":"if","locations":[{"start":{"line":112,"column":8},"end":{"line":118,"column":9}},{"start":{"line":112,"column":8},"end":{"line":118,"column":9}}],"line":112},"2":{"loc":{"start":{"line":138,"column":8},"end":{"line":140,"column":9}},"type":"if","locations":[{"start":{"line":138,"column":8},"end":{"line":140,"column":9}},{"start":{"line":138,"column":8},"end":{"line":140,"column":9}}],"line":138},"3":{"loc":{"start":{"line":142,"column":8},"end":{"line":145,"column":9}},"type":"if","locations":[{"start":{"line":142,"column":8},"end":{"line":145,"column":9}},{"start":{"line":142,"column":8},"end":{"line":145,"column":9}}],"line":142},"4":{"loc":{"start":{"line":170,"column":18},"end":{"line":170,"column":63}},"type":"cond-expr","locations":[{"start":{"line":170,"column":42},"end":{"line":170,"column":51}},{"start":{"line":170,"column":54},"end":{"line":170,"column":63}}],"line":170}},"s":{"0":0,"1":0,"2":0,"3":0,"4":0,"5":0,"6":0,"7":0,"8":0,"9":0,"10":0,"11":0,"12":0,"13":0,"14":0,"15":0,"16":0,"17":0,"18":0,"19":0,"20":0,"21":0,"22":0,"23":0,"24":0,"25":0,"26":0,"27":0,"28":0,"29":0,"30":0,"31":0,"32":0,"33":0,"34":0,"35":0,"36":0,"37":0,"38":0,"39":0,"40":0,"41":0,"42":0,"43":0,"44":0,"45":0},"f":{"0":0,"1":0,"2":0,"3":0,"4":0,"5":0,"6":0,"7":0,"8":0,"9":0,"10":0,"11":0,"12":0,"13":0},"b":{"0":[0,0],"1":[0,0],"2":[0,0],"3":[0,0],"4":[0,0]}}
,"C:\\Users\\Jessica\\Desktop\\Bootcamp\\gobarber\\mobile\\src\\pages\\SignIn\\index.tsx": {"path":"C:\\Users\\Jessica\\Desktop\\Bootcamp\\gobarber\\mobile\\src\\pages\\SignIn\\index.tsx","statementMap":{"0":{"start":{"line":40,"column":25},"end":{"line":145,"column":1}},"1":{"start":{"line":41,"column":18},"end":{"line":41,"column":43}},"2":{"start":{"line":42,"column":27},"end":{"line":42,"column":50}},"3":{"start":{"line":44,"column":21},"end":{"line":44,"column":36}},"4":{"start":{"line":46,"column":21},"end":{"line":46,"column":30}},"5":{"start":{"line":48,"column":23},"end":{"line":84,"column":3}},"6":{"start":{"line":50,"column":6},"end":{"line":81,"column":7}},"7":{"start":{"line":51,"column":8},"end":{"line":51,"column":39}},"8":{"start":{"line":53,"column":23},"end":{"line":58,"column":10}},"9":{"start":{"line":60,"column":8},"end":{"line":62,"column":11}},"10":{"start":{"line":64,"column":8},"end":{"line":67,"column":11}},"11":{"start":{"line":69,"column":8},"end":{"line":75,"column":9}},"12":{"start":{"line":70,"column":25},"end":{"line":70,"column":49}},"13":{"start":{"line":72,"column":10},"end":{"line":72,"column":45}},"14":{"start":{"line":74,"column":10},"end":{"line":74,"column":17}},"15":{"start":{"line":77,"column":8},"end":{"line":80,"column":10}},"16":{"start":{"line":86,"column":2},"end":{"line":144,"column":4}},"17":{"start":{"line":114,"column":18},"end":{"line":114,"column":52}},"18":{"start":{"line":124,"column":39},"end":{"line":124,"column":68}},"19":{"start":{"line":127,"column":37},"end":{"line":127,"column":66}},"20":{"start":{"line":139,"column":42},"end":{"line":139,"column":71}}},"fnMap":{"0":{"name":"(anonymous_0)","decl":{"start":{"line":40,"column":25},"end":{"line":40,"column":26}},"loc":{"start":{"line":40,"column":31},"end":{"line":145,"column":1}},"line":40},"1":{"name":"(anonymous_1)","decl":{"start":{"line":49,"column":4},"end":{"line":49,"column":5}},"loc":{"start":{"line":49,"column":36},"end":{"line":82,"column":5}},"line":49},"2":{"name":"(anonymous_2)","decl":{"start":{"line":113,"column":33},"end":{"line":113,"column":34}},"loc":{"start":{"line":113,"column":39},"end":{"line":115,"column":17}},"line":113},"3":{"name":"(anonymous_3)","decl":{"start":{"line":124,"column":33},"end":{"line":124,"column":34}},"loc":{"start":{"line":124,"column":39},"end":{"line":124,"column":68}},"line":124},"4":{"name":"(anonymous_4)","decl":{"start":{"line":127,"column":31},"end":{"line":127,"column":32}},"loc":{"start":{"line":127,"column":37},"end":{"line":127,"column":66}},"line":127},"5":{"name":"(anonymous_5)","decl":{"start":{"line":132,"column":37},"end":{"line":132,"column":38}},"loc":{"start":{"line":132,"column":43},"end":{"line":132,"column":46}},"line":132},"6":{"name":"(anonymous_6)","decl":{"start":{"line":139,"column":36},"end":{"line":139,"column":37}},"loc":{"start":{"line":139,"column":42},"end":{"line":139,"column":71}},"line":139}},"branchMap":{"0":{"loc":{"start":{"line":69,"column":8},"end":{"line":75,"column":9}},"type":"if","locations":[{"start":{"line":69,"column":8},"end":{"line":75,"column":9}},{"start":{"line":69,"column":8},"end":{"line":75,"column":9}}],"line":69},"1":{"loc":{"start":{"line":90,"column":18},"end":{"line":90,"column":63}},"type":"cond-expr","locations":[{"start":{"line":90,"column":42},"end":{"line":90,"column":51}},{"start":{"line":90,"column":54},"end":{"line":90,"column":63}}],"line":90}},"s":{"0":1,"1":1,"2":1,"3":1,"4":1,"5":1,"6":0,"7":0,"8":0,"9":0,"10":0,"11":0,"12":0,"13":0,"14":0,"15":0,"16":1,"17":0,"18":0,"19":0,"20":0},"f":{"0":1,"1":0,"2":0,"3":0,"4":0,"5":0,"6":0},"b":{"0":[0,0],"1":[1,0]},"_coverageSchema":"1a1c01bbd47fc00a2c39e90264f33305004495a9","hash":"8bfb0cc7504a1f233d554138f0b8e89fdd20e8d5"}
,"C:\\Users\\Jessica\\Desktop\\Bootcamp\\gobarber\\mobile\\src\\pages\\SignUp\\index.tsx": {"path":"C:\\Users\\Jessica\\Desktop\\Bootcamp\\gobarber\\mobile\\src\\pages\\SignUp\\index.tsx","statementMap":{"0":{"start":{"line":33,"column":25},"end":{"line":150,"column":1}},"1":{"start":{"line":34,"column":18},"end":{"line":34,"column":43}},"2":{"start":{"line":35,"column":21},"end":{"line":35,"column":36}},"3":{"start":{"line":37,"column":24},"end":{"line":37,"column":47}},"4":{"start":{"line":38,"column":27},"end":{"line":38,"column":50}},"5":{"start":{"line":40,"column":23},"end":{"line":81,"column":3}},"6":{"start":{"line":42,"column":6},"end":{"line":78,"column":7}},"7":{"start":{"line":43,"column":8},"end":{"line":43,"column":39}},"8":{"start":{"line":45,"column":23},"end":{"line":51,"column":10}},"9":{"start":{"line":53,"column":8},"end":{"line":55,"column":11}},"10":{"start":{"line":57,"column":8},"end":{"line":57,"column":39}},"11":{"start":{"line":59,"column":8},"end":{"line":62,"column":10}},"12":{"start":{"line":64,"column":8},"end":{"line":64,"column":28}},"13":{"start":{"line":66,"column":8},"end":{"line":72,"column":9}},"14":{"start":{"line":67,"column":25},"end":{"line":67,"column":49}},"15":{"start":{"line":69,"column":10},"end":{"line":69,"column":45}},"16":{"start":{"line":71,"column":10},"end":{"line":71,"column":17}},"17":{"start":{"line":74,"column":8},"end":{"line":77,"column":10}},"18":{"start":{"line":83,"column":2},"end":{"line":149,"column":4}},"19":{"start":{"line":109,"column":18},"end":{"line":109,"column":49}},"20":{"start":{"line":122,"column":18},"end":{"line":122,"column":52}},"21":{"start":{"line":133,"column":39},"end":{"line":133,"column":68}},"22":{"start":{"line":136,"column":37},"end":{"line":136,"column":66}},"23":{"start":{"line":144,"column":35},"end":{"line":144,"column":54}}},"fnMap":{"0":{"name":"(anonymous_0)","decl":{"start":{"line":33,"column":25},"end":{"line":33,"column":26}},"loc":{"start":{"line":33,"column":31},"end":{"line":150,"column":1}},"line":33},"1":{"name":"(anonymous_1)","decl":{"start":{"line":41,"column":4},"end":{"line":41,"column":5}},"loc":{"start":{"line":41,"column":36},"end":{"line":79,"column":5}},"line":41},"2":{"name":"(anonymous_2)","decl":{"start":{"line":108,"column":33},"end":{"line":108,"column":34}},"loc":{"start":{"line":108,"column":39},"end":{"line":110,"column":17}},"line":108},"3":{"name":"(anonymous_3)","decl":{"start":{"line":121,"column":33},"end":{"line":121,"column":34}},"loc":{"start":{"line":121,"column":39},"end":{"line":123,"column":17}},"line":121},"4":{"name":"(anonymous_4)","decl":{"start":{"line":133,"column":33},"end":{"line":133,"column":34}},"loc":{"start":{"line":133,"column":39},"end":{"line":133,"column":68}},"line":133},"5":{"name":"(anonymous_5)","decl":{"start":{"line":136,"column":31},"end":{"line":136,"column":32}},"loc":{"start":{"line":136,"column":37},"end":{"line":136,"column":66}},"line":136},"6":{"name":"(anonymous_6)","decl":{"start":{"line":144,"column":29},"end":{"line":144,"column":30}},"loc":{"start":{"line":144,"column":35},"end":{"line":144,"column":54}},"line":144}},"branchMap":{"0":{"loc":{"start":{"line":66,"column":8},"end":{"line":72,"column":9}},"type":"if","locations":[{"start":{"line":66,"column":8},"end":{"line":72,"column":9}},{"start":{"line":66,"column":8},"end":{"line":72,"column":9}}],"line":66},"1":{"loc":{"start":{"line":87,"column":18},"end":{"line":87,"column":63}},"type":"cond-expr","locations":[{"start":{"line":87,"column":42},"end":{"line":87,"column":51}},{"start":{"line":87,"column":54},"end":{"line":87,"column":63}}],"line":87}},"s":{"0":0,"1":0,"2":0,"3":0,"4":0,"5":0,"6":0,"7":0,"8":0,"9":0,"10":0,"11":0,"12":0,"13":0,"14":0,"15":0,"16":0,"17":0,"18":0,"19":0,"20":0,"21":0,"22":0,"23":0},"f":{"0":0,"1":0,"2":0,"3":0,"4":0,"5":0,"6":0},"b":{"0":[0,0],"1":[0,0]}}
}
